This is pdfTeX, Version 3.1415926-1.40.11 (MiKTeX 2.9) (preloaded format=pdflatex 2011.8.22)  16 DEC 2011 19:36
entering extended mode
**ManualUTFPRCPTeX.tex

("C:\Documents and Settings\rodrigo.sumar\Meus documentos\UTFPR\utfprcptex\doc\
utfprcptex\manual\ManualUTFPRCPTeX.tex"
LaTeX2e <2009/09/24>
Babel <v3.8l> and hyphenation patterns for english, afrikaans, ancientgreek, ar
abic, armenian, assamese, basque, bengali, bokmal, bulgarian, catalan, coptic, 
croatian, czech, danish, dutch, esperanto, estonian, farsi, finnish, french, ga
lician, german, german-x-2009-06-19, greek, gujarati, hindi, hungarian, iceland
ic, indonesian, interlingua, irish, italian, kannada, kurmanji, lao, latin, lat
vian, lithuanian, malayalam, marathi, mongolian, mongolianlmc, monogreek, ngerm
an, ngerman-x-2009-06-19, nynorsk, oriya, panjabi, pinyin, polish, portuguese, 
romanian, russian, sanskrit, serbian, slovak, slovenian, spanish, swedish, swis
sgerman, tamil, telugu, turkish, turkmen, ukenglish, ukrainian, uppersorbian, u
senglishmax, welsh, loaded.
("C:\Arquivos de programas\MiKTeX 2.9\tex\latex\utfprcptex\utfprcptex.cls"
Document Class: utfprcptex 2011/12/12 Classe de Normas para Trabalhos da UTFPR
("C:\Arquivos de programas\MiKTeX 2.9\tex\generic\babel\babel.sty"
Package: babel 2008/07/06 v3.8l The Babel package

*************************************
* Local config file bblopts.cfg used
*
("C:\Arquivos de programas\MiKTeX 2.9\tex\latex\00miktex\bblopts.cfg"
File: bblopts.cfg 2006/07/31 v1.0 MiKTeX 'babel' configuration
)
("C:\Arquivos de programas\MiKTeX 2.9\tex\generic\babel\portuges.ldf"
Language: portuges 2008/03/18 v1.2q Portuguese support from the babel system

("C:\Arquivos de programas\MiKTeX 2.9\tex\generic\babel\babel.def"
File: babel.def 2008/07/06 v3.8l Babel common definitions
\babel@savecnt=\count79
\U@D=\dimen102
)
\l@brazil = a dialect from \language\l@portuges 
Package babel Info: Making " an active character on input line 145.
))
("C:\Arquivos de programas\MiKTeX 2.9\tex\latex\base\inputenc.sty"
Package: inputenc 2008/03/30 v1.1d Input encoding file
\inpenc@prehook=\toks14
\inpenc@posthook=\toks15

("C:\Arquivos de programas\MiKTeX 2.9\tex\latex\base\latin1.def"
File: latin1.def 2008/03/30 v1.1d Input encoding file
))
("C:\Arquivos de programas\MiKTeX 2.9\tex\latex\base\ifthen.sty"
Package: ifthen 2001/05/26 v1.1c Standard LaTeX ifthen package (DPC)
)
("C:\Documents and Settings\rodrigo.sumar\Dados de aplicativos\MiKTeX\2.9\tex\l
atex\lastpage\lastpage.sty"
Package: lastpage 2011/02/01 v1.2g Refers to last page's name (HMM; JPG)
)
("C:\Documents and Settings\rodrigo.sumar\Dados de aplicativos\MiKTeX\2.9\tex\l
atex\bigfoot\perpage.sty"
Package: perpage 2006/07/15 1.12 Reset/sort counters per page
\c@abspage=\count80
)
("C:\Documents and Settings\rodrigo.sumar\Dados de aplicativos\MiKTeX\2.9\tex\l
atex\textcase\textcase.sty"
Package: textcase 2004/10/07 v0.07 Text only upper/lower case changing (DPC)
)
("C:\Documents and Settings\rodrigo.sumar\Dados de aplicativos\MiKTeX\2.9\tex\l
atex\nomencl\nomencl.sty"
Package: nomencl 2005/09/22 v4.2 Nomenclature package (LN)
\nomlabelwidth=\dimen103
\nom@tempdim=\dimen104
\nomitemsep=\skip41
)
runsystem(makeindex ManualUTFPRCPTeX.nlo -s nomencl.ist -o ManualUTFPRCPTeX.nls
)...executed (allowed).


("C:\Arquivos de programas\MiKTeX 2.9\tex\latex\abntex\abnt.cls"
("C:\Arquivos de programas\MiKTeX 2.9\tex\latex\abntex\cvs-id.def")
Document Class: abnt 2006/09/09 v1.32 Classe abnt (NBR6024, NBR6027, NBR6028, N
BR14724)
("C:\Arquivos de programas\MiKTeX 2.9\tex\latex\tools\calc.sty"
Package: calc 2007/08/22 v4.3 Infix arithmetic (KKT,FJ)
\calc@Acount=\count81
\calc@Bcount=\count82
\calc@Adimen=\dimen105
\calc@Bdimen=\dimen106
\calc@Askip=\skip42
\calc@Bskip=\skip43
LaTeX Info: Redefining \setlength on input line 76.
LaTeX Info: Redefining \addtolength on input line 77.
\calc@Ccount=\count83
\calc@Cskip=\skip44
)
("C:\Arquivos de programas\MiKTeX 2.9\tex\latex\tools\multicol.sty"
Package: multicol 2008/12/05 v1.6h multicolumn formatting (FMi)
\c@tracingmulticols=\count84
\mult@box=\box26
\multicol@leftmargin=\dimen107
\c@unbalance=\count85
\c@collectmore=\count86
\doublecol@number=\count87
\multicoltolerance=\count88
\multicolpretolerance=\count89
\full@width=\dimen108
\page@free=\dimen109
\premulticols=\dimen110
\postmulticols=\dimen111
\multicolsep=\skip45
\multicolbaselineskip=\skip46
\partial@page=\box27
\last@line=\box28
\mult@rightbox=\box29
\mult@grightbox=\box30
\mult@gfirstbox=\box31
\mult@firstbox=\box32
\@tempa=\box33
\@tempa=\box34
\@tempa=\box35
\@tempa=\box36
\@tempa=\box37
\@tempa=\box38
\@tempa=\box39
\@tempa=\box40
\@tempa=\box41
\@tempa=\box42
\@tempa=\box43
\@tempa=\box44
\@tempa=\box45
\@tempa=\box46
\@tempa=\box47
\@tempa=\box48
\@tempa=\box49
\c@columnbadness=\count90
\c@finalcolumnbadness=\count91
\last@try=\dimen112
\multicolovershoot=\dimen113
\multicolundershoot=\dimen114
\mult@nat@firstbox=\box50
\colbreak@box=\box51
)
("C:\Arquivos de programas\MiKTeX 2.9\tex\latex\abntex\abntex-abrev.sty"
("C:\Arquivos de programas\MiKTeX 2.9\tex\latex\abntex\cvs-id.def")
Package: abntex-abrev 2005/11/14 v1.4 Abreviacoes

("C:\Arquivos de programas\MiKTeX 2.9\tex\latex\abntex\nbr10522-1988.def"
("C:\Arquivos de programas\MiKTeX 2.9\tex\latex\abntex\cvs-id.def")
File: nbr10522-1988.def 2003/10/13 v1.2 Abreviacoes bibliograficas (NBR10522:19
88)
)
("C:\Arquivos de programas\MiKTeX 2.9\tex\latex\abntex\abntex-abrev-pt_BR.def"
("C:\Arquivos de programas\MiKTeX 2.9\tex\latex\abntex\cvs-id.def")
File: abntex-abrev-pt_BR.def 2005/11/14 v1.3 definicao de abntex-abrev, traduca
o de termos en_US/pt_BR
))
("C:\Arquivos de programas\MiKTeX 2.9\tex\latex\abntex\abntex-text.sty"
("C:\Arquivos de programas\MiKTeX 2.9\tex\latex\abntex\cvs-id.def")
Package: abntex-text 2005/11/14 v1.1 abnTeX text replacements

("C:\Arquivos de programas\MiKTeX 2.9\tex\latex\abntex\abntex-text-pt_BR.def"
("C:\Arquivos de programas\MiKTeX 2.9\tex\latex\abntex\cvs-id.def")
File: abntex-text-pt_BR.def 2005/12/21 v1.2 Definicao de nomes em Portugues/Bra
sil (pt_BR)
))
("C:\Arquivos de programas\MiKTeX 2.9\tex\latex\abntex\abntex-default-design.st
y" ("C:\Arquivos de programas\MiKTeX 2.9\tex\latex\abntex\cvs-id.def")
Package: abntex-default-design 2005/06/22 v1.2 Definicoes de design padrao do a
bntex

("C:\Documents and Settings\rodrigo.sumar\Dados de aplicativos\MiKTeX\2.9\tex\l
atex\relsize\relsize.sty"
Package: relsize 2003/07/04 ver 3.1


Package relsize Warning: Failed to get list of font sizes.
(relsize)                Falling back to old definition. on input line 81.

)
\ABNTanapindent=\skip47
\ABNTsignwidth=\skip48
\ABNTsignthickness=\skip49
\ABNTsignskip=\skip50
) ("C:\Arquivos de programas\MiKTeX 2.9\tex\latex\abntex\nbr6027-1989.def")
("C:\Arquivos de programas\MiKTeX 2.9\tex\latex\abntex\nbr14724-2001.def")
("C:\Arquivos de programas\MiKTeX 2.9\tex\latex\base\report.cls"
Document Class: report 2007/10/19 v1.4h Standard LaTeX document class
("C:\Arquivos de programas\MiKTeX 2.9\tex\latex\base\size12.clo"
File: size12.clo 2007/10/19 v1.4h Standard LaTeX file (size option)
)
\c@part=\count92
\c@chapter=\count93
\c@section=\count94
\c@subsection=\count95
\c@subsubsection=\count96
\c@paragraph=\count97
\c@subparagraph=\count98
\c@figure=\count99
\c@table=\count100
\abovecaptionskip=\skip51
\belowcaptionskip=\skip52
\bibindent=\dimen115
)
("C:\Documents and Settings\rodrigo.sumar\Dados de aplicativos\MiKTeX\2.9\tex\l
atex\setspace\setspace.sty"
Package: setspace 2000/12/01 6.7 Contributed and Supported LaTeX2e package

Package: `setspace' 6.7 <2000/12/01>
) ("C:\Arquivos de programas\MiKTeX 2.9\tex\latex\psnfss\mathptmx.sty"
Package: mathptmx 2005/04/12 PSNFSS-v9.2a Times w/ Math, improved (SPQR, WaS) 
LaTeX Font Info:    Redeclaring symbol font `operators' on input line 28.
LaTeX Font Info:    Overwriting symbol font `operators' in version `normal'
(Font)                  OT1/cmr/m/n --> OT1/ztmcm/m/n on input line 28.
LaTeX Font Info:    Overwriting symbol font `operators' in version `bold'
(Font)                  OT1/cmr/bx/n --> OT1/ztmcm/m/n on input line 28.
LaTeX Font Info:    Redeclaring symbol font `letters' on input line 29.
LaTeX Font Info:    Overwriting symbol font `letters' in version `normal'
(Font)                  OML/cmm/m/it --> OML/ztmcm/m/it on input line 29.
LaTeX Font Info:    Overwriting symbol font `letters' in version `bold'
(Font)                  OML/cmm/b/it --> OML/ztmcm/m/it on input line 29.
LaTeX Font Info:    Redeclaring symbol font `symbols' on input line 30.
LaTeX Font Info:    Overwriting symbol font `symbols' in version `normal'
(Font)                  OMS/cmsy/m/n --> OMS/ztmcm/m/n on input line 30.
LaTeX Font Info:    Overwriting symbol font `symbols' in version `bold'
(Font)                  OMS/cmsy/b/n --> OMS/ztmcm/m/n on input line 30.
LaTeX Font Info:    Redeclaring symbol font `largesymbols' on input line 31.
LaTeX Font Info:    Overwriting symbol font `largesymbols' in version `normal'
(Font)                  OMX/cmex/m/n --> OMX/ztmcm/m/n on input line 31.
LaTeX Font Info:    Overwriting symbol font `largesymbols' in version `bold'
(Font)                  OMX/cmex/m/n --> OMX/ztmcm/m/n on input line 31.
\symbold=\mathgroup4
\symitalic=\mathgroup5
LaTeX Font Info:    Redeclaring math alphabet \mathbf on input line 34.
LaTeX Font Info:    Overwriting math alphabet `\mathbf' in version `normal'
(Font)                  OT1/cmr/bx/n --> OT1/ptm/bx/n on input line 34.
LaTeX Font Info:    Overwriting math alphabet `\mathbf' in version `bold'
(Font)                  OT1/cmr/bx/n --> OT1/ptm/bx/n on input line 34.
LaTeX Font Info:    Redeclaring math alphabet \mathit on input line 35.
LaTeX Font Info:    Overwriting math alphabet `\mathit' in version `normal'
(Font)                  OT1/cmr/m/it --> OT1/ptm/m/it on input line 35.
LaTeX Font Info:    Overwriting math alphabet `\mathit' in version `bold'
(Font)                  OT1/cmr/bx/it --> OT1/ptm/m/it on input line 35.
LaTeX Info: Redefining \hbar on input line 50.
)
("C:\Arquivos de programas\MiKTeX 2.9\tex\latex\psnfss\helvet.sty"
Package: helvet 2005/04/12 PSNFSS-v9.2a (WaS) 

("C:\Arquivos de programas\MiKTeX 2.9\tex\latex\graphics\keyval.sty"
Package: keyval 1999/03/16 v1.13 key=value parser (DPC)
\KV@toks@=\toks16
))
("C:\Arquivos de programas\MiKTeX 2.9\tex\latex\tools\indentfirst.sty"
Package: indentfirst 1995/11/23 v1.03 Indent first paragraph (DPC)
))
\siglawidth=\skip53
\siglamaxwidth=\skip54
\c@absfigure=\count101
\c@abstable=\count102
\c@absequation=\count103
)
("C:\Arquivos de programas\MiKTeX 2.9\tex\latex\abntex\abntcite.sty"
("C:\Arquivos de programas\MiKTeX 2.9\tex\latex\abntex\cvs-id.def")
Package: abntcite 2006/04/25 v1.30 Chamadas de referencias no texto (NBR10520, 
NBR10522)
\minimumbiblabelwidth=\skip55
\ABCIauxlen=\skip56
\c@ABCIaux=\count104
\c@ABCImax=\count105

("C:\Arquivos de programas\MiKTeX 2.9\tex\latex\abntex\nbr10520-2002.def"
("C:\Arquivos de programas\MiKTeX 2.9\tex\latex\abntex\cvs-id.def")
File: nbr10520-2002.def 2006/04/25 v1.4 Definicoes para abntcite (NBR10520:2002
)
)
\biblabelsep=\skip57
LaTeX Info: Redefining \newblock on input line 466.
LaTeX Info: Redefining \cite on input line 493.
\ABCItoken=\toks17
)
("C:\Arquivos de programas\MiKTeX 2.9\tex\latex\hyperref\hyperref.sty"
Package: hyperref 2010/10/30 v6.81t Hypertext links for LaTeX

("C:\Arquivos de programas\MiKTeX 2.9\tex\generic\oberdiek\ltxcmds.sty"
Package: ltxcmds 2010/04/26 v1.7 LaTeX kernel commands for general use (HO)
)
("C:\Arquivos de programas\MiKTeX 2.9\tex\generic\oberdiek\infwarerr.sty"
Package: infwarerr 2010/04/08 v1.3 Providing info/warning/message (HO)
)
("C:\Arquivos de programas\MiKTeX 2.9\tex\generic\oberdiek\kvsetkeys.sty"
Package: kvsetkeys 2010/03/01 v1.9 Key value parser (HO)

("C:\Arquivos de programas\MiKTeX 2.9\tex\generic\oberdiek\etexcmds.sty"
Package: etexcmds 2010/01/28 v1.3 Prefix for e-TeX command names (HO)
Package etexcmds Info: Could not find \expanded.
(etexcmds)             That can mean that you are not using pdfTeX 1.50 or
(etexcmds)             that some package has redefined \expanded.
(etexcmds)             In the latter case, load this package earlier.
))
("C:\Arquivos de programas\MiKTeX 2.9\tex\generic\oberdiek\pdfescape.sty"
Package: pdfescape 2010/03/01 v1.9 Provides hex, PDF name and string conversion
s (HO)

("C:\Arquivos de programas\MiKTeX 2.9\tex\generic\oberdiek\pdftexcmds.sty"
Package: pdftexcmds 2010/04/01 v0.9 Utility functions of pdfTeX for LuaTeX (HO)


("C:\Arquivos de programas\MiKTeX 2.9\tex\generic\oberdiek\ifluatex.sty"
Package: ifluatex 2010/03/01 v1.3 Provides the ifluatex switch (HO)
Package ifluatex Info: LuaTeX not detected.
)
Package pdftexcmds Info: LuaTeX not detected.
Package pdftexcmds Info: \pdf@primitive is available.
Package pdftexcmds Info: \pdf@ifprimitive is available.
))
("C:\Arquivos de programas\MiKTeX 2.9\tex\generic\oberdiek\ifpdf.sty"
Package: ifpdf 2010/01/28 v2.1 Provides the ifpdf switch (HO)
Package ifpdf Info: pdfTeX in pdf mode detected.
)
("C:\Arquivos de programas\MiKTeX 2.9\tex\generic\oberdiek\ifvtex.sty"
Package: ifvtex 2010/03/01 v1.5 Switches for detecting VTeX and its modes (HO)
Package ifvtex Info: VTeX not detected.
)
("C:\Arquivos de programas\MiKTeX 2.9\tex\generic\ifxetex\ifxetex.sty"
Package: ifxetex 2010/09/12 v0.6 Provides ifxetex conditional
)
("C:\Arquivos de programas\MiKTeX 2.9\tex\latex\oberdiek\hycolor.sty"
Package: hycolor 2009/12/12 v1.6 Color options of hyperref/bookmark (HO)

("C:\Arquivos de programas\MiKTeX 2.9\tex\latex\oberdiek\xcolor-patch.sty"
Package: xcolor-patch 2009/12/12 xcolor patch
))
("C:\Arquivos de programas\MiKTeX 2.9\tex\latex\oberdiek\letltxmacro.sty"
Package: letltxmacro 2008/06/24 v1.3 Let assignment for LaTeX macros (HO)
)
("C:\Arquivos de programas\MiKTeX 2.9\tex\latex\oberdiek\kvoptions.sty"
Package: kvoptions 2010/02/22 v3.7 Keyval support for LaTeX options (HO)
)
\@linkdim=\dimen116
\Hy@linkcounter=\count106
\Hy@pagecounter=\count107

("C:\Arquivos de programas\MiKTeX 2.9\tex\latex\hyperref\pd1enc.def"
File: pd1enc.def 2010/10/30 v6.81t Hyperref: PDFDocEncoding definition (HO)
)
("C:\Arquivos de programas\MiKTeX 2.9\tex\generic\oberdiek\intcalc.sty"
Package: intcalc 2007/09/27 v1.1 Expandable integer calculations (HO)
)
\Hy@SavedSpaceFactor=\count108

("C:\Arquivos de programas\MiKTeX 2.9\tex\latex\00miktex\hyperref.cfg"
File: hyperref.cfg 2002/06/06 v1.2 hyperref configuration of TeXLive
)
Package hyperref Info: Option `hyperindex' set `false' on input line 3872.
Package hyperref Info: Hyper figures OFF on input line 3976.
Package hyperref Info: Link nesting OFF on input line 3981.
Package hyperref Info: Hyper index OFF on input line 3986.
Package hyperref Info: Plain pages OFF on input line 3991.
Package hyperref Info: Backreferencing OFF on input line 3996.
Package hyperref Info: Implicit mode ON; LaTeX internals redefined.
Package hyperref Info: Bookmarks ON on input line 4211.
\c@Hy@tempcnt=\count109

("C:\Documents and Settings\rodrigo.sumar\Dados de aplicativos\MiKTeX\2.9\tex\l
atex\url\url.sty"
\Urlmuskip=\muskip10
Package: url 2006/04/12  ver 3.3  Verb mode for urls, etc.
)
LaTeX Info: Redefining \url on input line 4566.

("C:\Arquivos de programas\MiKTeX 2.9\tex\generic\oberdiek\bitset.sty"
Package: bitset 2007/09/28 v1.0 Data type bit set (HO)

("C:\Arquivos de programas\MiKTeX 2.9\tex\generic\oberdiek\bigintcalc.sty"
Package: bigintcalc 2007/11/11 v1.1 Expandable big integer calculations (HO)
))
\Fld@menulength=\count110
\Field@Width=\dimen117
\Fld@charsize=\dimen118
Package hyperref Info: Hyper figures OFF on input line 5626.
Package hyperref Info: Link nesting OFF on input line 5631.
Package hyperref Info: Hyper index OFF on input line 5636.
Package hyperref Info: backreferencing OFF on input line 5641.
Package hyperref Info: Link coloring OFF on input line 5646.
Package hyperref Info: Link coloring with OCG OFF on input line 5651.
Package hyperref Info: PDF/A mode OFF on input line 5656.
LaTeX Info: Redefining \ref on input line 5696.
LaTeX Info: Redefining \pageref on input line 5700.

("C:\Arquivos de programas\MiKTeX 2.9\tex\generic\oberdiek\atbegshi.sty"
Package: atbegshi 2010/03/25 v1.12 At begin shipout hook (HO)
)
\Hy@abspage=\count111
\c@Item=\count112
\c@Hfootnote=\count113
)

Package hyperref Message: Driver (autodetected): hpdftex.

("C:\Arquivos de programas\MiKTeX 2.9\tex\latex\hyperref\hpdftex.def"
File: hpdftex.def 2010/10/30 v6.81t Hyperref driver for pdfTeX

("C:\Arquivos de programas\MiKTeX 2.9\tex\latex\oberdiek\atveryend.sty"
Package: atveryend 2010/03/24 v1.5 Hooks at very end of document (HO)
Package atveryend Info: \enddocument detected (standard).
)
\Fld@listcount=\count114
\c@bookmark@seq@number=\count115

("C:\Arquivos de programas\MiKTeX 2.9\tex\latex\oberdiek\rerunfilecheck.sty"
Package: rerunfilecheck 2010/03/16 v1.6 Rerun checks for auxiliary files (HO)

("C:\Arquivos de programas\MiKTeX 2.9\tex\generic\oberdiek\uniquecounter.sty"
Package: uniquecounter 2009/12/18 v1.1 Provides unlimited unique counter (HO)
)
Package uniquecounter Info: New unique counter `rerunfilecheck' on input line 2
71.
)
\Hy@SectionHShift=\skip58
) ("C:\Arquivos de programas\MiKTeX 2.9\tex\latex\tools\array.sty"
Package: array 2008/09/09 v2.4c Tabular extension package (FMi)
\col@sep=\dimen119
\extrarowheight=\dimen120
\NC@list=\toks18
\extratabsurround=\skip59
\backup@length=\skip60
)
("C:\Documents and Settings\rodrigo.sumar\Meus documentos\UTFPR\utfprcptex\doc\
utfprcptex\manual\ManualUTFPRCPTeX.aux")
LaTeX Font Info:    Checking defaults for OML/cmm/m/it on input line 41.
LaTeX Font Info:    ... okay on input line 41.
LaTeX Font Info:    Checking defaults for T1/cmr/m/n on input line 41.
LaTeX Font Info:    ... okay on input line 41.
LaTeX Font Info:    Checking defaults for OT1/cmr/m/n on input line 41.
LaTeX Font Info:    ... okay on input line 41.
LaTeX Font Info:    Checking defaults for OMS/cmsy/m/n on input line 41.
LaTeX Font Info:    ... okay on input line 41.
LaTeX Font Info:    Checking defaults for OMX/cmex/m/n on input line 41.
LaTeX Font Info:    ... okay on input line 41.
LaTeX Font Info:    Checking defaults for U/cmr/m/n on input line 41.
LaTeX Font Info:    ... okay on input line 41.
LaTeX Font Info:    Checking defaults for PD1/pdf/m/n on input line 41.
LaTeX Font Info:    ... okay on input line 41.
LaTeX Font Info:    Try loading font information for OT1+ptm on input line 41.

("C:\Arquivos de programas\MiKTeX 2.9\tex\latex\psnfss\ot1ptm.fd"
File: ot1ptm.fd 2001/06/04 font definitions for OT1/ptm.
)
Package lastpage Info: Please have a look at the pagesLTS package at
(lastpage)             http://www.ctan.org/tex-archive/ 
(lastpage)             macros/latex/contrib/pagesLTS/ 
(lastpage)             or
(lastpage)             http://www.ctan.org/tex-archive/ 
(lastpage)             install/macros/latex/contrib/pagesLTS.tds.zip
(lastpage)             ! on input line 41.
\big@size=\dimen121
\AtBeginShipoutBox=\box52
Package hyperref Info: Link coloring OFF on input line 41.

("C:\Arquivos de programas\MiKTeX 2.9\tex\latex\hyperref\nameref.sty"
Package: nameref 2010/04/30 v2.40 Cross-referencing by name of section

("C:\Arquivos de programas\MiKTeX 2.9\tex\latex\oberdiek\refcount.sty"
Package: refcount 2008/08/11 v3.1 Data extraction from references (HO)
)
("C:\Arquivos de programas\MiKTeX 2.9\tex\generic\oberdiek\gettitlestring.sty"
Package: gettitlestring 2009/12/18 v1.3 Cleanup title references (HO)
)
\c@section@level=\count116
)
LaTeX Info: Redefining \ref on input line 41.
LaTeX Info: Redefining \pageref on input line 41.
LaTeX Info: Redefining \nameref on input line 41.

("C:\Documents and Settings\rodrigo.sumar\Meus documentos\UTFPR\utfprcptex\doc\
utfprcptex\manual\ManualUTFPRCPTeX.out")
("C:\Documents and Settings\rodrigo.sumar\Meus documentos\UTFPR\utfprcptex\doc\
utfprcptex\manual\ManualUTFPRCPTeX.out")
\@outlinefile=\write3
LaTeX Font Info:    Font shape `OT1/ptm/bx/n' in size <14.4> not available
(Font)              Font shape `OT1/ptm/b/n' tried instead on input line 44.
LaTeX Font Info:    Try loading font information for OT1+ztmcm on input line 44
.

("C:\Arquivos de programas\MiKTeX 2.9\tex\latex\psnfss\ot1ztmcm.fd"
File: ot1ztmcm.fd 2000/01/03 Fontinst v1.801 font definitions for OT1/ztmcm.
)
LaTeX Font Info:    Try loading font information for OML+ztmcm on input line 44
.

("C:\Arquivos de programas\MiKTeX 2.9\tex\latex\psnfss\omlztmcm.fd"
File: omlztmcm.fd 2000/01/03 Fontinst v1.801 font definitions for OML/ztmcm.
)
LaTeX Font Info:    Try loading font information for OMS+ztmcm on input line 44
.

("C:\Arquivos de programas\MiKTeX 2.9\tex\latex\psnfss\omsztmcm.fd"
File: omsztmcm.fd 2000/01/03 Fontinst v1.801 font definitions for OMS/ztmcm.
)
LaTeX Font Info:    Try loading font information for OMX+ztmcm on input line 44
.

("C:\Arquivos de programas\MiKTeX 2.9\tex\latex\psnfss\omxztmcm.fd"
File: omxztmcm.fd 2000/01/03 Fontinst v1.801 font definitions for OMX/ztmcm.
)
LaTeX Font Info:    Font shape `OT1/ptm/bx/n' in size <12> not available
(Font)              Font shape `OT1/ptm/b/n' tried instead on input line 44.
LaTeX Font Info:    Font shape `OT1/ptm/bx/n' in size <9> not available
(Font)              Font shape `OT1/ptm/b/n' tried instead on input line 44.
LaTeX Font Info:    Font shape `OT1/ptm/bx/n' in size <7> not available
(Font)              Font shape `OT1/ptm/b/n' tried instead on input line 44.
 [1

{C:/Documents and Settings/rodrigo.sumar/Configurações locais/Dados de aplicati
vos/MiKTeX/2.9/pdftex/config/pdftex.map}]
("C:\Documents and Settings\rodrigo.sumar\Meus documentos\UTFPR\utfprcptex\doc\
utfprcptex\manual\ManualUTFPRCPTeX.toc")
\tf@toc=\write4
 [1


]
Cap\'{\i }tulo 1.
LaTeX Font Info:    Try loading font information for OMS+ptm on input line 99.
("C:\Arquivos de programas\MiKTeX 2.9\tex\latex\psnfss\omsptm.fd"
File: omsptm.fd 
)
LaTeX Font Info:    Font shape `OMS/ptm/m/n' in size <12> not available
(Font)              Font shape `OMS/cmsy/m/n' tried instead on input line 99.

Overfull \hbox (10.81004pt too wide) in paragraph at lines 99--100
\OT1/ptm/m/n/12 U[]FPRCPT[]X. O endere[]o do site do pge-el-tex []e []$\OT1/cmt
t/m/n/12 http : / / code . google . com / p / pgeeltex/$[] 
 []


Overfull \hbox (0.22202pt too wide) in paragraph at lines 101--102
[]\OT1/ptm/m/n/12 Entre no menu de configura[][]oes (\OT1/ptm/m/it/12 set-tings
\OT1/ptm/m/n/12 ) do MiK-TeX (Menu ini-ciar/programas/MiKTeX
 []

[3


]
Overfull \hbox (0.22202pt too wide) in paragraph at lines 142--143
[]\OT1/ptm/m/n/12 Entre no menu de configura[][]oes (\OT1/ptm/m/it/12 set-tings
\OT1/ptm/m/n/12 ) do MiK-TeX (Menu ini-ciar/programas/MiKTeX
 []

[4]
Cap\'{\i }tulo 2.

Overfull \hbox (18.24571pt too wide) in paragraph at lines 159--160
[]\OT1/ptm/m/n/12 Neste cap[]tulo ser[]ao apre-sen-ta-das as op[][]oes dis-po-
ni-bi-li-za-das pela classe U[]FPRCPT[]Xbem
 []


LaTeX Warning: Reference `tab:opcoesPgeeltex' on page 5 undefined on input line
 163.

LaTeX Font Info:    Font shape `OT1/ptm/bx/n' in size <10.95> not available
(Font)              Font shape `OT1/ptm/b/n' tried instead on input line 167.
LaTeX Font Info:    Font shape `OT1/ptm/bx/n' in size <8> not available
(Font)              Font shape `OT1/ptm/b/n' tried instead on input line 167.
LaTeX Font Info:    Font shape `OT1/ptm/bx/n' in size <6> not available
(Font)              Font shape `OT1/ptm/b/n' tried instead on input line 167.

LaTeX Warning: Reference `tab:opcoesAbntex' on page 5 undefined on input line 1
83.

LaTeX Font Info:    Font shape `OT1/ptm/bx/sc' in size <10.95> not available
(Font)              Font shape `OT1/ptm/b/sc' tried instead on input line 187.

LaTeX Warning: Citation `abntex-doc' on page 5 undefined on input line 199.

[5

] [6] [7]
Overfull \hbox (20.23112pt too wide) in paragraph at lines 278--280
[]\OT1/cmtt/m/n/12 \bancaAPGTEX[Dr.]{Membro A da banca} ... \bancaEPGTEX[Dr.]{M
embro E da banca} 
 []

[8]

LaTeX Warning: Reference `sec:comandos' on page 9 undefined on input line 303.


Overfull \hbox (40.38129pt too wide) in paragraph at lines 313--314
\OT1/ptm/m/n/12 por sua vez, de-pende dos co-man-dos []\OT1/cmtt/m/n/12 \autor{
}\OT1/ptm/m/n/12 , []\OT1/cmtt/m/n/12 \titulo{}\OT1/ptm/m/n/12 , []\OT1/cmtt/m/
n/12 \orientadorPGTEX[]{}{}\OT1/ptm/m/n/12 , []\OT1/cmtt/m/n/12 \coorienta-
 []


Overfull \hbox (26.78831pt too wide) in paragraph at lines 313--314
[]\OT1/cmtt/m/n/12 dorPGTEX[]{}{} \OT1/ptm/m/n/12 (se hou-ver) e dos co-man-dos
 dos mem-bros da banca da-dos por []\OT1/cmtt/m/n/12 \bancaAPGTEX[]{}\OT1/ptm/m
/n/12 ,
 []


Overfull \hbox (60.45224pt too wide) in paragraph at lines 313--314
[]\OT1/cmtt/m/n/12 \bancaBPGTEX[]{}\OT1/ptm/m/n/12 , []\OT1/cmtt/m/n/12 \bancaC
PGTEX[]{}\OT1/ptm/m/n/12 , []\OT1/cmtt/m/n/12 \bancaDPGTEX[]{}\OT1/ptm/m/n/12 ,
 []\OT1/cmtt/m/n/12 \bancaEPGTEX[]{}\OT1/ptm/m/n/12 , []\OT1/cmtt/m/n/12 \banca
FPGTEX[]{}
 []


Overfull \hbox (13.42418pt too wide) in paragraph at lines 319--320
[]\OT1/ptm/m/n/12 Os de-mais mem-bros da banca s[]ao de-fi-ni-dos pe-los co-man
-dos []\OT1/cmtt/m/n/12 \bancaBPGTEX\OT1/ptm/m/n/12 , []\OT1/cmtt/m/n/12 \banca
CPGTEX
 []

[9] [10]

LaTeX Warning: Reference `sec:comandos' on page 11 undefined on input line 373.



LaTeX Warning: Citation `nomencl' on page 11 undefined on input line 381.


Overfull \hbox (4.66043pt too wide) in paragraph at lines 386--387
[]\OT1/ptm/m/n/12 Inserir os se-guin-tes co-man-dos no pre[]ambulo do seu ar-qu
ivo .tex: []\OT1/cmtt/m/n/12 \usepackage{nomencl}
 []

[11]
Overfull \hbox (31.0151pt too wide) in paragraph at lines 420--421
[]\OT1/ptm/m/n/12 Veja mais exem-plos da lista de si-glas no do-cu-mento exem-p
lo que acom-pa-nha o U[]FPRCPT[]X. 
 []

[12]

LaTeX Warning: Citation `abntex-doc' on page 13 undefined on input line 448.


Overfull \hbox (14.30864pt too wide) in paragraph at lines 450--451
\OT1/ptm/m/n/12 pec-ti-va-mente. Ap[]os es-tes co-man-dos, voc[]e pode uti-li-z
ar nor-mal-mente o []\OT1/cmtt/m/n/12 \chapter{}\OT1/ptm/m/n/12 , []\OT1/cmtt/m
/n/12 \section{}\OT1/ptm/m/n/12 ,
 []

[13]

LaTeX Warning: Citation `abntex-alf' on page 14 undefined on input line 458.


LaTeX Warning: Citation `hyperref' on page 14 undefined on input line 462.


LaTeX Warning: Citation `Anderson1977' on page 14 undefined on input line 464.


LaTeX Warning: Citation `Glover2002' on page 14 undefined on input line 464.

No file ManualUTFPRCPTeX.bbl.
AED: lastpage setting LastPage 
[14]
+-------------------------------------------------------------------+
| Comentario, sugestao ou critica sobre o abnTeX? Entre em contato: |
|                  http://abntex.codigolivre.org.br                 |
+-------------------------------------------------------------------+
+===================================================================+
| Modelo de teses e disserta\c c\~oes da UTFPR. 
| Alterado conforme regras de 2009. 
| Desenvolvido por 
| Vers\~ao: 
| $LastChangedDate: 2009-07-17 15:33:40 -0300 (sex, 17 jul 2009)$ 
+===================================================================+
\outputstream=\write5
Package atveryend Info: Empty hook `BeforeClearDocument' on input line 506.
Package atveryend Info: Empty hook `AfterLastShipout' on input line 506.

("C:\Documents and Settings\rodrigo.sumar\Meus documentos\UTFPR\utfprcptex\doc\
utfprcptex\manual\ManualUTFPRCPTeX.aux")
Package atveryend Info: Executing hook `AtVeryEndDocument' on input line 506.


Package rerunfilecheck Warning: File `ManualUTFPRCPTeX.out' has changed.
(rerunfilecheck)                Rerun to get outlines right
(rerunfilecheck)                or use package `bookmark'.

Package rerunfilecheck Info: Checksums for `ManualUTFPRCPTeX.out':
(rerunfilecheck)             Before: D41D8CD98F00B204E9800998ECF8427E;0
(rerunfilecheck)             After:  CD6BC80836DB4653F8C46F56955B8B60;1281.

LaTeX Warning: There were undefined references.


LaTeX Warning: Label(s) may have changed. Rerun to get cross-references right.

 ) 
Here is how much of TeX's memory you used:
 5801 strings out of 494019
 91870 string characters out of 3142920
 180079 words of memory out of 3000000
 8858 multiletter control sequences out of 15000+200000
 37061 words of font info for 73 fonts, out of 3000000 for 9000
 714 hyphenation exceptions out of 8191
 36i,13n,43p,674b,411s stack positions out of 5000i,500n,10000p,200000b,50000s
{C:/Arquivos de programas/MiKTeX 2.9/fonts/enc/dvips/fontname/8r.enc}<C:/Arqu
ivos de programas/MiKTeX 2.9/fonts/type1/public/amsfonts/cm/cmsy10.pfb><C:/Arqu
ivos de programas/MiKTeX 2.9/fonts/type1/public/amsfonts/cm/cmtt12.pfb><C:/Arqu
ivos de programas/MiKTeX 2.9/fonts/type1/urw/times/utmb8a.pfb><C:/Arquivos de p
rogramas/MiKTeX 2.9/fonts/type1/urw/times/utmr8a.pfb><C:/Arquivos de programas/
MiKTeX 2.9/fonts/type1/urw/times/utmri8a.pfb>
Output written on ManualUTFPRCPTeX.pdf (14 pages, 104529 bytes).
PDF statistics:
 133 PDF objects out of 1000 (max. 8388607)
 48 named destinations out of 1000 (max. 500000)
 1 words of extra memory for PDF output out of 10000 (max. 10000000)

