This is pdfTeX, Version 3.1415926-1.40.11 (MiKTeX 2.9) (preloaded format=pdflatex 2011.8.22)  20 DEC 2011 10:52
entering extended mode
**modelo_dissertacao.tex

("C:\Documents and Settings\rodrigo.sumar\Meus documentos\UTFPR\utfprcptex\doc\
utfprcptex\exemplos\Dissertacao\modelo_dissertacao.tex"
LaTeX2e <2009/09/24>
Babel <v3.8l> and hyphenation patterns for english, afrikaans, ancientgreek, ar
abic, armenian, assamese, basque, bengali, bokmal, bulgarian, catalan, coptic, 
croatian, czech, danish, dutch, esperanto, estonian, farsi, finnish, french, ga
lician, german, german-x-2009-06-19, greek, gujarati, hindi, hungarian, iceland
ic, indonesian, interlingua, irish, italian, kannada, kurmanji, lao, latin, lat
vian, lithuanian, malayalam, marathi, mongolian, mongolianlmc, monogreek, ngerm
an, ngerman-x-2009-06-19, nynorsk, oriya, panjabi, pinyin, polish, portuguese, 
romanian, russian, sanskrit, serbian, slovak, slovenian, spanish, swedish, swis
sgerman, tamil, telugu, turkish, turkmen, ukenglish, ukrainian, uppersorbian, u
senglishmax, welsh, loaded.
("C:\Arquivos de programas\MiKTeX 2.9\tex\latex\utfprcptex\utfprcptex.cls"
Document Class: utfprcptex 2011/12/12 Classe de Normas para Trabalhos da UTFPR
("C:\Arquivos de programas\MiKTeX 2.9\tex\generic\babel\babel.sty"
Package: babel 2008/07/06 v3.8l The Babel package

*************************************
* Local config file bblopts.cfg used
*
("C:\Arquivos de programas\MiKTeX 2.9\tex\latex\00miktex\bblopts.cfg"
File: bblopts.cfg 2006/07/31 v1.0 MiKTeX 'babel' configuration
)
("C:\Arquivos de programas\MiKTeX 2.9\tex\generic\babel\portuges.ldf"
Language: portuges 2008/03/18 v1.2q Portuguese support from the babel system

("C:\Arquivos de programas\MiKTeX 2.9\tex\generic\babel\babel.def"
File: babel.def 2008/07/06 v3.8l Babel common definitions
\babel@savecnt=\count79
\U@D=\dimen102
)
\l@brazil = a dialect from \language\l@portuges 
Package babel Info: Making " an active character on input line 145.
))
("C:\Arquivos de programas\MiKTeX 2.9\tex\latex\base\inputenc.sty"
Package: inputenc 2008/03/30 v1.1d Input encoding file
\inpenc@prehook=\toks14
\inpenc@posthook=\toks15

("C:\Arquivos de programas\MiKTeX 2.9\tex\latex\base\latin1.def"
File: latin1.def 2008/03/30 v1.1d Input encoding file
))
("C:\Arquivos de programas\MiKTeX 2.9\tex\latex\base\ifthen.sty"
Package: ifthen 2001/05/26 v1.1c Standard LaTeX ifthen package (DPC)
)
("C:\Documents and Settings\rodrigo.sumar\Dados de aplicativos\MiKTeX\2.9\tex\l
atex\lastpage\lastpage.sty"
Package: lastpage 2011/02/01 v1.2g Refers to last page's name (HMM; JPG)
)
("C:\Documents and Settings\rodrigo.sumar\Dados de aplicativos\MiKTeX\2.9\tex\l
atex\bigfoot\perpage.sty"
Package: perpage 2006/07/15 1.12 Reset/sort counters per page
\c@abspage=\count80
)
("C:\Documents and Settings\rodrigo.sumar\Dados de aplicativos\MiKTeX\2.9\tex\l
atex\textcase\textcase.sty"
Package: textcase 2004/10/07 v0.07 Text only upper/lower case changing (DPC)
)
("C:\Documents and Settings\rodrigo.sumar\Dados de aplicativos\MiKTeX\2.9\tex\l
atex\nomencl\nomencl.sty"
Package: nomencl 2005/09/22 v4.2 Nomenclature package (LN)
\nomlabelwidth=\dimen103
\nom@tempdim=\dimen104
\nomitemsep=\skip41
)
runsystem(makeindex modelo_dissertacao.nlo -s nomencl.ist -o modelo_dissertacao
.nls)...executed (allowed).


("C:\Arquivos de programas\MiKTeX 2.9\tex\latex\abntex\abnt.cls"
("C:\Arquivos de programas\MiKTeX 2.9\tex\latex\abntex\cvs-id.def")
Document Class: abnt 2006/09/09 v1.32 Classe abnt (NBR6024, NBR6027, NBR6028, N
BR14724)
("C:\Arquivos de programas\MiKTeX 2.9\tex\latex\tools\calc.sty"
Package: calc 2007/08/22 v4.3 Infix arithmetic (KKT,FJ)
\calc@Acount=\count81
\calc@Bcount=\count82
\calc@Adimen=\dimen105
\calc@Bdimen=\dimen106
\calc@Askip=\skip42
\calc@Bskip=\skip43
LaTeX Info: Redefining \setlength on input line 76.
LaTeX Info: Redefining \addtolength on input line 77.
\calc@Ccount=\count83
\calc@Cskip=\skip44
)
("C:\Arquivos de programas\MiKTeX 2.9\tex\latex\tools\multicol.sty"
Package: multicol 2008/12/05 v1.6h multicolumn formatting (FMi)
\c@tracingmulticols=\count84
\mult@box=\box26
\multicol@leftmargin=\dimen107
\c@unbalance=\count85
\c@collectmore=\count86
\doublecol@number=\count87
\multicoltolerance=\count88
\multicolpretolerance=\count89
\full@width=\dimen108
\page@free=\dimen109
\premulticols=\dimen110
\postmulticols=\dimen111
\multicolsep=\skip45
\multicolbaselineskip=\skip46
\partial@page=\box27
\last@line=\box28
\mult@rightbox=\box29
\mult@grightbox=\box30
\mult@gfirstbox=\box31
\mult@firstbox=\box32
\@tempa=\box33
\@tempa=\box34
\@tempa=\box35
\@tempa=\box36
\@tempa=\box37
\@tempa=\box38
\@tempa=\box39
\@tempa=\box40
\@tempa=\box41
\@tempa=\box42
\@tempa=\box43
\@tempa=\box44
\@tempa=\box45
\@tempa=\box46
\@tempa=\box47
\@tempa=\box48
\@tempa=\box49
\c@columnbadness=\count90
\c@finalcolumnbadness=\count91
\last@try=\dimen112
\multicolovershoot=\dimen113
\multicolundershoot=\dimen114
\mult@nat@firstbox=\box50
\colbreak@box=\box51
)
("C:\Arquivos de programas\MiKTeX 2.9\tex\latex\abntex\abntex-abrev.sty"
("C:\Arquivos de programas\MiKTeX 2.9\tex\latex\abntex\cvs-id.def")
Package: abntex-abrev 2005/11/14 v1.4 Abreviacoes

("C:\Arquivos de programas\MiKTeX 2.9\tex\latex\abntex\nbr10522-1988.def"
("C:\Arquivos de programas\MiKTeX 2.9\tex\latex\abntex\cvs-id.def")
File: nbr10522-1988.def 2003/10/13 v1.2 Abreviacoes bibliograficas (NBR10522:19
88)
)
("C:\Arquivos de programas\MiKTeX 2.9\tex\latex\abntex\abntex-abrev-pt_BR.def"
("C:\Arquivos de programas\MiKTeX 2.9\tex\latex\abntex\cvs-id.def")
File: abntex-abrev-pt_BR.def 2005/11/14 v1.3 definicao de abntex-abrev, traduca
o de termos en_US/pt_BR
))
("C:\Arquivos de programas\MiKTeX 2.9\tex\latex\abntex\abntex-text.sty"
("C:\Arquivos de programas\MiKTeX 2.9\tex\latex\abntex\cvs-id.def")
Package: abntex-text 2005/11/14 v1.1 abnTeX text replacements

("C:\Arquivos de programas\MiKTeX 2.9\tex\latex\abntex\abntex-text-pt_BR.def"
("C:\Arquivos de programas\MiKTeX 2.9\tex\latex\abntex\cvs-id.def")
File: abntex-text-pt_BR.def 2005/12/21 v1.2 Definicao de nomes em Portugues/Bra
sil (pt_BR)
))
("C:\Arquivos de programas\MiKTeX 2.9\tex\latex\abntex\abntex-default-design.st
y" ("C:\Arquivos de programas\MiKTeX 2.9\tex\latex\abntex\cvs-id.def")
Package: abntex-default-design 2005/06/22 v1.2 Definicoes de design padrao do a
bntex

("C:\Documents and Settings\rodrigo.sumar\Dados de aplicativos\MiKTeX\2.9\tex\l
atex\relsize\relsize.sty"
Package: relsize 2003/07/04 ver 3.1


Package relsize Warning: Failed to get list of font sizes.
(relsize)                Falling back to old definition. on input line 81.

)
\ABNTanapindent=\skip47
\ABNTsignwidth=\skip48
\ABNTsignthickness=\skip49
\ABNTsignskip=\skip50
) ("C:\Arquivos de programas\MiKTeX 2.9\tex\latex\abntex\nbr6027-1989.def")
("C:\Arquivos de programas\MiKTeX 2.9\tex\latex\abntex\nbr14724-2001.def")
("C:\Arquivos de programas\MiKTeX 2.9\tex\latex\base\report.cls"
Document Class: report 2007/10/19 v1.4h Standard LaTeX document class
("C:\Arquivos de programas\MiKTeX 2.9\tex\latex\base\size12.clo"
File: size12.clo 2007/10/19 v1.4h Standard LaTeX file (size option)
)
\c@part=\count92
\c@chapter=\count93
\c@section=\count94
\c@subsection=\count95
\c@subsubsection=\count96
\c@paragraph=\count97
\c@subparagraph=\count98
\c@figure=\count99
\c@table=\count100
\abovecaptionskip=\skip51
\belowcaptionskip=\skip52
\bibindent=\dimen115
)
("C:\Documents and Settings\rodrigo.sumar\Dados de aplicativos\MiKTeX\2.9\tex\l
atex\setspace\setspace.sty"
Package: setspace 2000/12/01 6.7 Contributed and Supported LaTeX2e package

Package: `setspace' 6.7 <2000/12/01>
) ("C:\Arquivos de programas\MiKTeX 2.9\tex\latex\psnfss\mathptmx.sty"
Package: mathptmx 2005/04/12 PSNFSS-v9.2a Times w/ Math, improved (SPQR, WaS) 
LaTeX Font Info:    Redeclaring symbol font `operators' on input line 28.
LaTeX Font Info:    Overwriting symbol font `operators' in version `normal'
(Font)                  OT1/cmr/m/n --> OT1/ztmcm/m/n on input line 28.
LaTeX Font Info:    Overwriting symbol font `operators' in version `bold'
(Font)                  OT1/cmr/bx/n --> OT1/ztmcm/m/n on input line 28.
LaTeX Font Info:    Redeclaring symbol font `letters' on input line 29.
LaTeX Font Info:    Overwriting symbol font `letters' in version `normal'
(Font)                  OML/cmm/m/it --> OML/ztmcm/m/it on input line 29.
LaTeX Font Info:    Overwriting symbol font `letters' in version `bold'
(Font)                  OML/cmm/b/it --> OML/ztmcm/m/it on input line 29.
LaTeX Font Info:    Redeclaring symbol font `symbols' on input line 30.
LaTeX Font Info:    Overwriting symbol font `symbols' in version `normal'
(Font)                  OMS/cmsy/m/n --> OMS/ztmcm/m/n on input line 30.
LaTeX Font Info:    Overwriting symbol font `symbols' in version `bold'
(Font)                  OMS/cmsy/b/n --> OMS/ztmcm/m/n on input line 30.
LaTeX Font Info:    Redeclaring symbol font `largesymbols' on input line 31.
LaTeX Font Info:    Overwriting symbol font `largesymbols' in version `normal'
(Font)                  OMX/cmex/m/n --> OMX/ztmcm/m/n on input line 31.
LaTeX Font Info:    Overwriting symbol font `largesymbols' in version `bold'
(Font)                  OMX/cmex/m/n --> OMX/ztmcm/m/n on input line 31.
\symbold=\mathgroup4
\symitalic=\mathgroup5
LaTeX Font Info:    Redeclaring math alphabet \mathbf on input line 34.
LaTeX Font Info:    Overwriting math alphabet `\mathbf' in version `normal'
(Font)                  OT1/cmr/bx/n --> OT1/ptm/bx/n on input line 34.
LaTeX Font Info:    Overwriting math alphabet `\mathbf' in version `bold'
(Font)                  OT1/cmr/bx/n --> OT1/ptm/bx/n on input line 34.
LaTeX Font Info:    Redeclaring math alphabet \mathit on input line 35.
LaTeX Font Info:    Overwriting math alphabet `\mathit' in version `normal'
(Font)                  OT1/cmr/m/it --> OT1/ptm/m/it on input line 35.
LaTeX Font Info:    Overwriting math alphabet `\mathit' in version `bold'
(Font)                  OT1/cmr/bx/it --> OT1/ptm/m/it on input line 35.
LaTeX Info: Redefining \hbar on input line 50.
)
("C:\Arquivos de programas\MiKTeX 2.9\tex\latex\psnfss\helvet.sty"
Package: helvet 2005/04/12 PSNFSS-v9.2a (WaS) 

("C:\Arquivos de programas\MiKTeX 2.9\tex\latex\graphics\keyval.sty"
Package: keyval 1999/03/16 v1.13 key=value parser (DPC)
\KV@toks@=\toks16
))
("C:\Arquivos de programas\MiKTeX 2.9\tex\latex\tools\indentfirst.sty"
Package: indentfirst 1995/11/23 v1.03 Indent first paragraph (DPC)
))
\siglawidth=\skip53
\siglamaxwidth=\skip54
\c@absfigure=\count101
\c@abstable=\count102
\c@absequation=\count103
)
("C:\Arquivos de programas\MiKTeX 2.9\tex\latex\abntex\abntcite.sty"
("C:\Arquivos de programas\MiKTeX 2.9\tex\latex\abntex\cvs-id.def")
Package: abntcite 2006/04/25 v1.30 Chamadas de referencias no texto (NBR10520, 
NBR10522)
\minimumbiblabelwidth=\skip55
\ABCIauxlen=\skip56
\c@ABCIaux=\count104
\c@ABCImax=\count105

("C:\Arquivos de programas\MiKTeX 2.9\tex\latex\abntex\nbr10520-2002.def"
("C:\Arquivos de programas\MiKTeX 2.9\tex\latex\abntex\cvs-id.def")
File: nbr10520-2002.def 2006/04/25 v1.4 Definicoes para abntcite (NBR10520:2002
)
)
\biblabelsep=\skip57
LaTeX Info: Redefining \newblock on input line 466.
LaTeX Info: Redefining \cite on input line 493.
\ABCItoken=\toks17
)
("C:\Arquivos de programas\MiKTeX 2.9\tex\latex\ams\math\amsmath.sty"
Package: amsmath 2000/07/18 v2.13 AMS math features
\@mathmargin=\skip58

For additional information on amsmath, use the `?' option.
("C:\Arquivos de programas\MiKTeX 2.9\tex\latex\ams\math\amstext.sty"
Package: amstext 2000/06/29 v2.01

("C:\Arquivos de programas\MiKTeX 2.9\tex\latex\ams\math\amsgen.sty"
File: amsgen.sty 1999/11/30 v2.0
\@emptytoks=\toks18
\ex@=\dimen116
))
("C:\Arquivos de programas\MiKTeX 2.9\tex\latex\ams\math\amsbsy.sty"
Package: amsbsy 1999/11/29 v1.2d
\pmbraise@=\dimen117
)
("C:\Arquivos de programas\MiKTeX 2.9\tex\latex\ams\math\amsopn.sty"
Package: amsopn 1999/12/14 v2.01 operator names
)
\inf@bad=\count106
LaTeX Info: Redefining \frac on input line 211.
\uproot@=\count107
\leftroot@=\count108
LaTeX Info: Redefining \overline on input line 307.
\classnum@=\count109
\DOTSCASE@=\count110
LaTeX Info: Redefining \ldots on input line 379.
LaTeX Info: Redefining \dots on input line 382.
LaTeX Info: Redefining \cdots on input line 467.
\Mathstrutbox@=\box52
\strutbox@=\box53
\big@size=\dimen118
LaTeX Font Info:    Redeclaring font encoding OML on input line 567.
LaTeX Font Info:    Redeclaring font encoding OMS on input line 568.
\macc@depth=\count111
\c@MaxMatrixCols=\count112
\dotsspace@=\muskip10
\c@parentequation=\count113
\dspbrk@lvl=\count114
\tag@help=\toks19
\row@=\count115
\column@=\count116
\maxfields@=\count117
\andhelp@=\toks20
\eqnshift@=\dimen119
\alignsep@=\dimen120
\tagshift@=\dimen121
\tagwidth@=\dimen122
\totwidth@=\dimen123
\lineht@=\dimen124
\@envbody=\toks21
\multlinegap=\skip59
\multlinetaggap=\skip60
\mathdisplay@stack=\toks22
LaTeX Info: Redefining \[ on input line 2666.
LaTeX Info: Redefining \] on input line 2667.
)
("C:\Arquivos de programas\MiKTeX 2.9\tex\latex\amsfonts\amsfonts.sty"
Package: amsfonts 2009/06/22 v3.00 Basic AMSFonts support
\symAMSa=\mathgroup6
\symAMSb=\mathgroup7
LaTeX Font Info:    Overwriting math alphabet `\mathfrak' in version `bold'
(Font)                  U/euf/m/n --> U/euf/b/n on input line 96.
)
("C:\Arquivos de programas\MiKTeX 2.9\tex\latex\amsfonts\amssymb.sty"
Package: amssymb 2009/06/22 v3.00
)
("C:\Arquivos de programas\MiKTeX 2.9\tex\latex\graphics\graphicx.sty"
Package: graphicx 1999/02/16 v1.0f Enhanced LaTeX Graphics (DPC,SPQR)

("C:\Arquivos de programas\MiKTeX 2.9\tex\latex\graphics\graphics.sty"
Package: graphics 2009/02/05 v1.0o Standard LaTeX Graphics (DPC,SPQR)

("C:\Arquivos de programas\MiKTeX 2.9\tex\latex\graphics\trig.sty"
Package: trig 1999/03/16 v1.09 sin cos tan (DPC)
)
("C:\Arquivos de programas\MiKTeX 2.9\tex\latex\00miktex\graphics.cfg"
File: graphics.cfg 2007/01/18 v1.5 graphics configuration of teTeX/TeXLive
)
Package graphics Info: Driver file: pdftex.def on input line 91.

("C:\Arquivos de programas\MiKTeX 2.9\tex\latex\pdftex-def\pdftex.def"
File: pdftex.def 2010/09/14 v0.05b Graphics/color for pdfTeX
\Gread@gobject=\count118
))
\Gin@req@height=\dimen125
\Gin@req@width=\dimen126
)
("C:\Arquivos de programas\MiKTeX 2.9\tex\latex\psnfss\times.sty"
Package: times 2005/04/12 PSNFSS-v9.2a (SPQR) 
)
\@nomenclaturefile=\write3

Writing nomenclature file modelo_dissertacao.nlo

("C:\Documents and Settings\rodrigo.sumar\Meus documentos\UTFPR\utfprcptex\doc\
utfprcptex\exemplos\Dissertacao\modelo_dissertacao.aux")
LaTeX Font Info:    Checking defaults for OML/cmm/m/it on input line 76.
LaTeX Font Info:    ... okay on input line 76.
LaTeX Font Info:    Checking defaults for T1/cmr/m/n on input line 76.
LaTeX Font Info:    ... okay on input line 76.
LaTeX Font Info:    Checking defaults for OT1/cmr/m/n on input line 76.
LaTeX Font Info:    ... okay on input line 76.
LaTeX Font Info:    Checking defaults for OMS/cmsy/m/n on input line 76.
LaTeX Font Info:    ... okay on input line 76.
LaTeX Font Info:    Checking defaults for OMX/cmex/m/n on input line 76.
LaTeX Font Info:    ... okay on input line 76.
LaTeX Font Info:    Checking defaults for U/cmr/m/n on input line 76.
LaTeX Font Info:    ... okay on input line 76.
LaTeX Font Info:    Try loading font information for OT1+ptm on input line 76.

("C:\Arquivos de programas\MiKTeX 2.9\tex\latex\psnfss\ot1ptm.fd"
File: ot1ptm.fd 2001/06/04 font definitions for OT1/ptm.
)
Package lastpage Info: Please have a look at the pagesLTS package at
(lastpage)             http://www.ctan.org/tex-archive/ 
(lastpage)             macros/latex/contrib/pagesLTS/ 
(lastpage)             or
(lastpage)             http://www.ctan.org/tex-archive/ 
(lastpage)             install/macros/latex/contrib/pagesLTS.tds.zip
(lastpage)             ! on input line 76.

("C:\Arquivos de programas\MiKTeX 2.9\tex\context\base\supp-pdf.mkii"
[Loading MPS to PDF converter (version 2006.09.02).]
\scratchcounter=\count119
\scratchdimen=\dimen127
\scratchbox=\box54
\nofMPsegments=\count120
\nofMParguments=\count121
\everyMPshowfont=\toks23
\MPscratchCnt=\count122
\MPscratchDim=\dimen128
\MPnumerator=\count123
\everyMPtoPDFconversion=\toks24
)
LaTeX Font Info:    Font shape `OT1/ptm/bx/n' in size <14.4> not available
(Font)              Font shape `OT1/ptm/b/n' tried instead on input line 78.
LaTeX Font Info:    Try loading font information for OT1+ztmcm on input line 78
.
 ("C:\Arquivos de programas\MiKTeX 2.9\tex\latex\psnfss\ot1ztmcm.fd"
File: ot1ztmcm.fd 2000/01/03 Fontinst v1.801 font definitions for OT1/ztmcm.
)
LaTeX Font Info:    Try loading font information for OML+ztmcm on input line 78
.

("C:\Arquivos de programas\MiKTeX 2.9\tex\latex\psnfss\omlztmcm.fd"
File: omlztmcm.fd 2000/01/03 Fontinst v1.801 font definitions for OML/ztmcm.
)
LaTeX Font Info:    Try loading font information for OMS+ztmcm on input line 78
.

("C:\Arquivos de programas\MiKTeX 2.9\tex\latex\psnfss\omsztmcm.fd"
File: omsztmcm.fd 2000/01/03 Fontinst v1.801 font definitions for OMS/ztmcm.
)
LaTeX Font Info:    Try loading font information for OMX+ztmcm on input line 78
.

("C:\Arquivos de programas\MiKTeX 2.9\tex\latex\psnfss\omxztmcm.fd"
File: omxztmcm.fd 2000/01/03 Fontinst v1.801 font definitions for OMX/ztmcm.
)
LaTeX Font Info:    Font shape `OT1/ptm/bx/n' in size <12> not available
(Font)              Font shape `OT1/ptm/b/n' tried instead on input line 78.
LaTeX Font Info:    Font shape `OT1/ptm/bx/n' in size <9> not available
(Font)              Font shape `OT1/ptm/b/n' tried instead on input line 78.
LaTeX Font Info:    Font shape `OT1/ptm/bx/n' in size <7> not available
(Font)              Font shape `OT1/ptm/b/n' tried instead on input line 78.
 [1

{C:/Documents and Settings/rodrigo.sumar/Configurações locais/Dados de aplicati
vos/MiKTeX/2.9/pdftex/config/pdftex.map}]
Underfull \hbox (badness 2253) in paragraph at lines 79--79
\OT1/ptm/m/n/12 pe-rior de T[]ecnologia em Automa[][]ao In-dus-trial
 []


Underfull \hbox (badness 1383) in paragraph at lines 79--79
\OT1/ptm/m/n/12 da Uni-ver-si-dade Tec-nol[]ogica Fe-de-ral do Pa-ran[]a
 []

[1]
Overfull \hbox (8.89618pt too wide) in paragraph at lines 80--80
[]\OT1/ptm/m/n/12 Este Tra-ba-lho de Con-clus[]ao foi jul-gado ade-quado para o
bten[][]ao do T[]tulo de ``T[]ecnologo
 []

[1

] [2



] [3


] [4


] [5


] [6


]
("C:\Documents and Settings\rodrigo.sumar\Meus documentos\UTFPR\utfprcptex\doc\
utfprcptex\exemplos\Dissertacao\modelo_dissertacao.lof")
\tf@lof=\write4
 [7

]
("C:\Documents and Settings\rodrigo.sumar\Meus documentos\UTFPR\utfprcptex\doc\
utfprcptex\exemplos\Dissertacao\modelo_dissertacao.lot")
\tf@lot=\write5
\instream=\read1

("C:\Documents and Settings\rodrigo.sumar\Meus documentos\UTFPR\utfprcptex\doc\
utfprcptex\exemplos\Dissertacao\modelo_dissertacao.nls" [8

]) [9


]
("C:\Documents and Settings\rodrigo.sumar\Meus documentos\UTFPR\utfprcptex\doc\
utfprcptex\exemplos\Dissertacao\modelo_dissertacao.lsb")
\tf@lsb=\write6
 [10

]
("C:\Documents and Settings\rodrigo.sumar\Meus documentos\UTFPR\utfprcptex\doc\
utfprcptex\exemplos\Dissertacao\modelo_dissertacao.toc")
\tf@toc=\write7
 [11


]
("C:\Documents and Settings\rodrigo.sumar\Meus documentos\UTFPR\utfprcptex\doc\
utfprcptex\exemplos\Dissertacao\capitulo1/cap1.tex"
Cap\'{\i }tulo 1.
LaTeX Font Info:    Try loading font information for OT1+pcr on input line 4.
("C:\Arquivos de programas\MiKTeX 2.9\tex\latex\psnfss\ot1pcr.fd"
File: ot1pcr.fd 2001/06/04 font definitions for OT1/pcr.
)
Overfull \hbox (35.3278pt too wide) in paragraph at lines 6--7
\OT1/ptm/m/n/12 aconselha-se que o po-ten-cial usu[]ario ana-lise os co-man-dos
 exis-ten-tes no ar-quivo T[]X (\OT1/pcr/m/n/12 modelo[]*.tex\OT1/ptm/m/n/12 )
 []


Overfull \hbox (6.14827pt too wide) in paragraph at lines 10--11
[]\OT1/ptm/m/n/12 Uma das prin-ci-pais van-ta-gens do uso do es-tilo de formata
[][]ao \OT1/pcr/m/n/12 normas-utf-tex.cls
 []

[13


]
LaTeX Font Info:    Try loading font information for OMS+ptm on input line 21.
 ("C:\Arquivos de programas\MiKTeX 2.9\tex\latex\psnfss\omsptm.fd"
File: omsptm.fd 
)
LaTeX Font Info:    Font shape `OMS/ptm/m/n' in size <12> not available
(Font)              Font shape `OMS/cmsy/m/n' tried instead on input line 21.
)
("C:\Documents and Settings\rodrigo.sumar\Meus documentos\UTFPR\utfprcptex\doc\
utfprcptex\exemplos\Dissertacao\capitulo2/cap2.tex" [14]
Cap\'{\i }tulo 2.
LaTeX Font Info:    Try loading font information for OMS+pcr on input line 5.
("C:\Arquivos de programas\MiKTeX 2.9\tex\latex\psnfss\omspcr.fd"
File: omspcr.fd 
)
LaTeX Font Info:    Font shape `OMS/pcr/m/n' in size <12> not available
(Font)              Font shape `OMS/cmsy/m/n' tried instead on input line 5.

<./dummy.png, id=55, 301.125pt x 301.125pt>
File: ./dummy.png Graphic file (type png)
 <use ./dummy.png>
LaTeX Font Info:    Font shape `OT1/ptm/bx/n' in size <10.95> not available
(Font)              Font shape `OT1/ptm/b/n' tried instead on input line 15.
LaTeX Font Info:    Font shape `OT1/ptm/bx/n' in size <8> not available
(Font)              Font shape `OT1/ptm/b/n' tried instead on input line 15.
LaTeX Font Info:    Font shape `OT1/ptm/bx/n' in size <6> not available
(Font)              Font shape `OT1/ptm/b/n' tried instead on input line 15.
 [15

 <C:/Documents and Settings/rodrigo.sumar/Meus documentos/UTFPR/utfprcptex/doc/
utfprcptex/exemplos/Dissertacao/dummy.png>]
LaTeX Font Info:    Font shape `OT1/ptm/bx/n' in size <10> not available
(Font)              Font shape `OT1/ptm/b/n' tried instead on input line 44.
LaTeX Font Info:    Font shape `OT1/ptm/bx/n' in size <7.4> not available
(Font)              Font shape `OT1/ptm/b/n' tried instead on input line 44.
 [16])
("C:\Documents and Settings\rodrigo.sumar\Meus documentos\UTFPR\utfprcptex\doc\
utfprcptex\exemplos\Dissertacao\capitulo3/cap3.tex" [17]
Cap\'{\i }tulo 3.

Overfull \hbox (3.1574pt too wide) in paragraph at lines 4--5
[]\OT1/ptm/m/n/12 Espera-se que o uso do es-tilo de formata[][]ao L[]T[]X ade-q
uado []as Nor-mas para Elabora[][]ao
 []


Overfull \hbox (12.62148pt too wide) in paragraph at lines 6--7
\OT1/ptm/m/n/12 em L[]T[]X para usu[]arios Li-nux. Para usu[]arios Win-dows rec
omenda-se o edi-tor T[]XnicCenter (TEX-
 []

)
("C:\Documents and Settings\rodrigo.sumar\Meus documentos\UTFPR\utfprcptex\doc\
utfprcptex\exemplos\Dissertacao\modelo_dissertacao.bbl" [18

]) [19

]
Apendice A.
[20

]
Anexo A.
AED: lastpage setting LastPage 
[21

]
+-------------------------------------------------------------------+
| Comentario, sugestao ou critica sobre o abnTeX? Entre em contato: |
|                  http://abntex.codigolivre.org.br                 |
+-------------------------------------------------------------------+
+===================================================================+
| Modelo de teses e disserta\c c\~oes da UTFPR. 
| Alterado conforme regras de 2009. 
| Desenvolvido por 
| Vers\~ao: 
| $LastChangedDate: 2009-07-17 15:33:40 -0300 (sex, 17 jul 2009)$ 
+===================================================================+
\outputstream=\write8

("C:\Documents and Settings\rodrigo.sumar\Meus documentos\UTFPR\utfprcptex\doc\
utfprcptex\exemplos\Dissertacao\modelo_dissertacao.aux")

LaTeX Warning: Label(s) may have changed. Rerun to get cross-references right.

 ) 
Here is how much of TeX's memory you used:
 3813 strings out of 494019
 56855 string characters out of 3142920
 113265 words of memory out of 3000000
 6917 multiletter control sequences out of 15000+200000
 52695 words of font info for 118 fonts, out of 3000000 for 9000
 714 hyphenation exceptions out of 8191
 36i,8n,43p,927b,293s stack positions out of 5000i,500n,10000p,200000b,50000s
{C:/Arquivos de programas/MiKTeX 2.9/fonts/enc/dvips/fontname/8r.enc}<C:/Arqu
ivos de programas/MiKTeX 2.9/fonts/type1/public/amsfonts/cm/cmex10.pfb><C:/Arqu
ivos de programas/MiKTeX 2.9/fonts/type1/public/amsfonts/cm/cmmi10.pfb><C:/Arqu
ivos de programas/MiKTeX 2.9/fonts/type1/public/amsfonts/cm/cmr10.pfb><C:/Arqui
vos de programas/MiKTeX 2.9/fonts/type1/public/amsfonts/cm/cmsy10.pfb><C:/Arqui
vos de programas/MiKTeX 2.9/fonts/type1/urw/courier/ucrr8a.pfb><C:/Documents an
d Settings/rodrigo.sumar/Dados de aplicativos/MiKTeX/2.9/fonts/type1/urw/symbol
/usyr.pfb><C:/Documents and Settings/rodrigo.sumar/Dados de aplicativos/MiKTeX/
2.9/fonts/type1/urw/symbol/usyr.pfb><C:/Arquivos de programas/MiKTeX 2.9/fonts/
type1/urw/times/utmb8a.pfb><C:/Arquivos de programas/MiKTeX 2.9/fonts/type1/urw
/times/utmr8a.pfb><C:/Arquivos de programas/MiKTeX 2.9/fonts/type1/urw/times/ut
mri8a.pfb>
Output written on modelo_dissertacao.pdf (22 pages, 130318 bytes).
PDF statistics:
 117 PDF objects out of 1000 (max. 8388607)
 0 named destinations out of 1000 (max. 500000)
 6 words of extra memory for PDF output out of 10000 (max. 10000000)

